<?xml version="1.0" encoding="UTF-8"?>
<testsuite name="caesarscipher.CaesarsCipherTest" tests="2" skipped="0" failures="0" errors="0" timestamp="2020-02-29T01:30:03" hostname="daniel-ubuntu" time="0.033">
  <properties/>
  <testcase name="testCipheredMessageWithOffsetOf12()" classname="caesarscipher.CaesarsCipherTest" time="0.03"/>
  <testcase name="testEmptyString()" classname="caesarscipher.CaesarsCipherTest" time="0.001"/>
  <system-out><![CDATA[]]></system-out>
  <system-err><![CDATA[]]></system-err>
</testsuite>
